<?xml version="1.0" encoding="UTF-8"?>
<!-- Generated by org.testng.reporters.JUnitReportReporter -->
<testsuite hostname="Ashwin" failures="0" tests="1" name="MAF.Tests.AxiomDemoScenario2" time="19.713" errors="0" timestamp="2021-06-05T20:10:00 VET" skipped="0">
  <testcase classname="MAF.Tests.AxiomDemoScenario2" name="AxiomTestScenario2" time="19.713"/>
  <system-out/>
</testsuite> <!-- MAF.Tests.AxiomDemoScenario2 -->
