<?xml version="1.0" encoding="UTF-8"?>
<!-- Generated by org.testng.reporters.JUnitReportReporter -->
<testsuite hostname="Pooja-Pathange" failures="0" tests="1" name="MAF.Tests.AxiomDemoScenario1" time="19.094" errors="0" timestamp="2020-11-15T16:08:31 VET" skipped="0">
  <testcase classname="MAF.Tests.AxiomDemoScenario1" name="AxiomTestScenario1" time="19.094"/>
  <system-out/>
</testsuite> <!-- MAF.Tests.AxiomDemoScenario1 -->
