<?xml version="1.0" encoding="UTF-8"?>
<!-- Generated by org.testng.reporters.JUnitReportReporter -->
<testsuite hostname="Pooja-Pathange" failures="0" tests="1" name="MAF.Tests.AxiomDemoScenario2" time="19.474" errors="0" timestamp="2020-11-15T16:08:31 VET" skipped="0">
  <testcase classname="MAF.Tests.AxiomDemoScenario2" name="AxiomTestScenario2" time="19.474"/>
  <system-out/>
</testsuite> <!-- MAF.Tests.AxiomDemoScenario2 -->
